<?xml version="1.0" encoding="UTF-8"?>
<testng-results ignored="0" total="0" passed="0" failed="0" skipped="0">
  <reporter-output>
  </reporter-output>
  <suite started-at="2024-06-09T01:05:57 IST" name="Surefire suite" finished-at="2024-06-09T01:05:57 IST" duration-ms="6">
    <groups>
    </groups>
    <test started-at="2024-06-09T01:05:57 IST" name="Surefire test" finished-at="2024-06-09T01:05:57 IST" duration-ms="6">
      <class name="org.testing.testBase.BaseTest">
        <test-method is-config="true" signature="beforeSuite()[pri:0, instance:org.testing.testBase.BaseTest@15bb6bea]" started-at="2024-06-09T01:05:57 IST" name="beforeSuite" finished-at="2024-06-09T01:05:57 IST" duration-ms="5" status="PASS">
          <reporter-output>
          </reporter-output>
        </test-method> <!-- beforeSuite -->
        <test-method is-config="true" signature="beforeTest()[pri:0, instance:org.testing.testBase.BaseTest@15bb6bea]" started-at="2024-06-09T01:05:57 IST" name="beforeTest" finished-at="2024-06-09T01:05:57 IST" duration-ms="0" status="PASS">
          <reporter-output>
          </reporter-output>
        </test-method> <!-- beforeTest -->
        <test-method is-config="true" signature="afterTest()[pri:0, instance:org.testing.testBase.BaseTest@15bb6bea]" started-at="2024-06-09T01:05:57 IST" name="afterTest" finished-at="2024-06-09T01:05:57 IST" duration-ms="0" status="PASS">
          <reporter-output>
          </reporter-output>
        </test-method> <!-- afterTest -->
        <test-method is-config="true" signature="afterSuite()[pri:0, instance:org.testing.testBase.BaseTest@15bb6bea]" started-at="2024-06-09T01:05:57 IST" name="afterSuite" finished-at="2024-06-09T01:05:57 IST" duration-ms="0" status="PASS">
          <reporter-output>
          </reporter-output>
        </test-method> <!-- afterSuite -->
      </class> <!-- org.testing.testBase.BaseTest -->
    </test> <!-- Surefire test -->
  </suite> <!-- Surefire suite -->
</testng-results>
